    <persistence xmlns="http://xmlns.jcp.org/xml/ns/persistence"
                 xmlns:xsi="http://www.w3.org/2001/XMLSchema-instance"
                 xsi:schemaLocation="http://xmlns.jcp.org/xml/ns/persistence
                 http://xmlns.jcp.org/xml/ns/persistence/persistence_2_1.xsd"
                 version="2.1">
        <persistence-unit name="MyPersistenceUnit" transaction-type="JTA">
            <jta-data-source>jdbc/h2test</jta-data-source>
            <properties>
                <property name="javax.persistence.jdbc.driver" value="org.hsqldb.jdbcDriver"/>
                <property name="javax.persistence.jdbc.url" value="jdbc:hsqldb:mem:test"/>
                <property name="javax.persistence.jdbc.user" value="sa"/>
                <property name="javax.persistence.jdbc.password" value=""/>
                <property name="eclipselink.logging.level" value="ALL"/>
                <property name="eclipselink.logging.level.sql" value="ALL"/>
                <property name="eclipselink.logging.level.cache" value="ALL"/>
                <property name="eclipselink.logging.parameters" value="true"/>
                <property name="eclipselink.ddl-generation" value="create-tables"/>
                <property name="eclipselink.ddl-generation.output-mode" value="database"/>
            </properties>
        </persistence-unit>
    </persistence>